running egg_info
creating build/BiStable_description/BiStable_description.egg-info
writing build/BiStable_description/BiStable_description.egg-info/PKG-INFO
writing dependency_links to build/BiStable_description/BiStable_description.egg-info/dependency_links.txt
writing entry points to build/BiStable_description/BiStable_description.egg-info/entry_points.txt
writing requirements to build/BiStable_description/BiStable_description.egg-info/requires.txt
writing top-level names to build/BiStable_description/BiStable_description.egg-info/top_level.txt
writing manifest file 'build/BiStable_description/BiStable_description.egg-info/SOURCES.txt'
reading manifest file 'build/BiStable_description/BiStable_description.egg-info/SOURCES.txt'
writing manifest file 'build/BiStable_description/BiStable_description.egg-info/SOURCES.txt'
running build
running build_py
creating /home/the_hassan_shahzad/ros2_ws/src/BiStable_description/build/BiStable_description/build
creating /home/the_hassan_shahzad/ros2_ws/src/BiStable_description/build/BiStable_description/build/lib
creating /home/the_hassan_shahzad/ros2_ws/src/BiStable_description/build/BiStable_description/build/lib/BiStable_description
copying BiStable_description/__init__.py -> /home/the_hassan_shahzad/ros2_ws/src/BiStable_description/build/BiStable_description/build/lib/BiStable_description
running install
running install_lib
creating /home/the_hassan_shahzad/ros2_ws/src/BiStable_description/install/BiStable_description/lib/python3.10/site-packages/BiStable_description
copying /home/the_hassan_shahzad/ros2_ws/src/BiStable_description/build/BiStable_description/build/lib/BiStable_description/__init__.py -> /home/the_hassan_shahzad/ros2_ws/src/BiStable_description/install/BiStable_description/lib/python3.10/site-packages/BiStable_description
byte-compiling /home/the_hassan_shahzad/ros2_ws/src/BiStable_description/install/BiStable_description/lib/python3.10/site-packages/BiStable_description/__init__.py to __init__.cpython-310.pyc
running install_data
creating /home/the_hassan_shahzad/ros2_ws/src/BiStable_description/install/BiStable_description/share/ament_index
creating /home/the_hassan_shahzad/ros2_ws/src/BiStable_description/install/BiStable_description/share/ament_index/resource_index
creating /home/the_hassan_shahzad/ros2_ws/src/BiStable_description/install/BiStable_description/share/ament_index/resource_index/packages
copying resource/BiStable_description -> /home/the_hassan_shahzad/ros2_ws/src/BiStable_description/install/BiStable_description/share/ament_index/resource_index/packages
copying package.xml -> /home/the_hassan_shahzad/ros2_ws/src/BiStable_description/install/BiStable_description/share/BiStable_description
creating /home/the_hassan_shahzad/ros2_ws/src/BiStable_description/install/BiStable_description/share/BiStable_description/launch
copying launch/display.launch.py -> /home/the_hassan_shahzad/ros2_ws/src/BiStable_description/install/BiStable_description/share/BiStable_description/launch
copying launch/gazebo.launch.py -> /home/the_hassan_shahzad/ros2_ws/src/BiStable_description/install/BiStable_description/share/BiStable_description/launch
creating /home/the_hassan_shahzad/ros2_ws/src/BiStable_description/install/BiStable_description/share/BiStable_description/urdf
copying urdf/materials.xacro -> /home/the_hassan_shahzad/ros2_ws/src/BiStable_description/install/BiStable_description/share/BiStable_description/urdf
copying urdf/BiStable.gazebo -> /home/the_hassan_shahzad/ros2_ws/src/BiStable_description/install/BiStable_description/share/BiStable_description/urdf
copying urdf/BiStable.trans -> /home/the_hassan_shahzad/ros2_ws/src/BiStable_description/install/BiStable_description/share/BiStable_description/urdf
copying urdf/BiStable.xacro -> /home/the_hassan_shahzad/ros2_ws/src/BiStable_description/install/BiStable_description/share/BiStable_description/urdf
creating /home/the_hassan_shahzad/ros2_ws/src/BiStable_description/install/BiStable_description/share/BiStable_description/meshes
copying meshes/left_wheel_1.stl -> /home/the_hassan_shahzad/ros2_ws/src/BiStable_description/install/BiStable_description/share/BiStable_description/meshes
copying meshes/left_stepper_1.stl -> /home/the_hassan_shahzad/ros2_ws/src/BiStable_description/install/BiStable_description/share/BiStable_description/meshes
copying meshes/right_wheel_1.stl -> /home/the_hassan_shahzad/ros2_ws/src/BiStable_description/install/BiStable_description/share/BiStable_description/meshes
copying meshes/base_link.stl -> /home/the_hassan_shahzad/ros2_ws/src/BiStable_description/install/BiStable_description/share/BiStable_description/meshes
copying meshes/rpi_1.stl -> /home/the_hassan_shahzad/ros2_ws/src/BiStable_description/install/BiStable_description/share/BiStable_description/meshes
copying meshes/right_stepper_1.stl -> /home/the_hassan_shahzad/ros2_ws/src/BiStable_description/install/BiStable_description/share/BiStable_description/meshes
copying meshes/NUCLEO_1.stl -> /home/the_hassan_shahzad/ros2_ws/src/BiStable_description/install/BiStable_description/share/BiStable_description/meshes
creating /home/the_hassan_shahzad/ros2_ws/src/BiStable_description/install/BiStable_description/share/BiStable_description/config
copying config/display.rviz -> /home/the_hassan_shahzad/ros2_ws/src/BiStable_description/install/BiStable_description/share/BiStable_description/config
running install_egg_info
Copying build/BiStable_description/BiStable_description.egg-info to /home/the_hassan_shahzad/ros2_ws/src/BiStable_description/install/BiStable_description/lib/python3.10/site-packages/BiStable_description-0.0.0-py3.10.egg-info
running install_scripts
writing list of installed files to '/home/the_hassan_shahzad/ros2_ws/src/BiStable_description/build/BiStable_description/install.log'
