/home/the_hassan_shahzad/ros2_ws/src/BiStable_description/install/BiStable_description/lib/python3.10/site-packages/BiStable_description/__init__.py
/home/the_hassan_shahzad/ros2_ws/src/BiStable_description/install/BiStable_description/lib/python3.10/site-packages/BiStable_description/__pycache__/__init__.cpython-310.pyc
/home/the_hassan_shahzad/ros2_ws/src/BiStable_description/install/BiStable_description/share/ament_index/resource_index/packages/BiStable_description
/home/the_hassan_shahzad/ros2_ws/src/BiStable_description/install/BiStable_description/share/BiStable_description/package.xml
/home/the_hassan_shahzad/ros2_ws/src/BiStable_description/install/BiStable_description/share/BiStable_description/launch/display.launch.py
/home/the_hassan_shahzad/ros2_ws/src/BiStable_description/install/BiStable_description/share/BiStable_description/launch/gazebo.launch.py
/home/the_hassan_shahzad/ros2_ws/src/BiStable_description/install/BiStable_description/share/BiStable_description/urdf/materials.xacro
/home/the_hassan_shahzad/ros2_ws/src/BiStable_description/install/BiStable_description/share/BiStable_description/urdf/BiStable.gazebo
/home/the_hassan_shahzad/ros2_ws/src/BiStable_description/install/BiStable_description/share/BiStable_description/urdf/BiStable.trans
/home/the_hassan_shahzad/ros2_ws/src/BiStable_description/install/BiStable_description/share/BiStable_description/urdf/BiStable.xacro
/home/the_hassan_shahzad/ros2_ws/src/BiStable_description/install/BiStable_description/share/BiStable_description/meshes/left_wheel_1.stl
/home/the_hassan_shahzad/ros2_ws/src/BiStable_description/install/BiStable_description/share/BiStable_description/meshes/left_stepper_1.stl
/home/the_hassan_shahzad/ros2_ws/src/BiStable_description/install/BiStable_description/share/BiStable_description/meshes/right_wheel_1.stl
/home/the_hassan_shahzad/ros2_ws/src/BiStable_description/install/BiStable_description/share/BiStable_description/meshes/base_link.stl
/home/the_hassan_shahzad/ros2_ws/src/BiStable_description/install/BiStable_description/share/BiStable_description/meshes/rpi_1.stl
/home/the_hassan_shahzad/ros2_ws/src/BiStable_description/install/BiStable_description/share/BiStable_description/meshes/right_stepper_1.stl
/home/the_hassan_shahzad/ros2_ws/src/BiStable_description/install/BiStable_description/share/BiStable_description/meshes/NUCLEO_1.stl
/home/the_hassan_shahzad/ros2_ws/src/BiStable_description/install/BiStable_description/share/BiStable_description/config/display.rviz
/home/the_hassan_shahzad/ros2_ws/src/BiStable_description/install/BiStable_description/lib/python3.10/site-packages/BiStable_description-0.0.0-py3.10.egg-info/requires.txt
/home/the_hassan_shahzad/ros2_ws/src/BiStable_description/install/BiStable_description/lib/python3.10/site-packages/BiStable_description-0.0.0-py3.10.egg-info/dependency_links.txt
/home/the_hassan_shahzad/ros2_ws/src/BiStable_description/install/BiStable_description/lib/python3.10/site-packages/BiStable_description-0.0.0-py3.10.egg-info/PKG-INFO
/home/the_hassan_shahzad/ros2_ws/src/BiStable_description/install/BiStable_description/lib/python3.10/site-packages/BiStable_description-0.0.0-py3.10.egg-info/SOURCES.txt
/home/the_hassan_shahzad/ros2_ws/src/BiStable_description/install/BiStable_description/lib/python3.10/site-packages/BiStable_description-0.0.0-py3.10.egg-info/zip-safe
/home/the_hassan_shahzad/ros2_ws/src/BiStable_description/install/BiStable_description/lib/python3.10/site-packages/BiStable_description-0.0.0-py3.10.egg-info/entry_points.txt
/home/the_hassan_shahzad/ros2_ws/src/BiStable_description/install/BiStable_description/lib/python3.10/site-packages/BiStable_description-0.0.0-py3.10.egg-info/top_level.txt
